{
  "RSpec": {
    "coverage": {
      "/Users/aegrescovitae/Documents/DPL/week06/day4/school_sel/config/environment.rb": [
        null,
        1,
        null,
        null,
        1
      ],
      "/Users/aegrescovitae/Documents/DPL/week06/day4/school_sel/config/application.rb": [
        1,
        null,
        1,
        null,
        1,
        1,
        1,
        1,
        1,
        1,
        1,
        null,
        null,
        null,
        null,
        1,
        null,
        1,
        1,
        null,
        null,
        null,
        null,
        null,
        null,
        null,
        null,
        null,
        null,
        null,
        null,
        null,
        1,
        null,
        null
      ],
      "/Users/aegrescovitae/Documents/DPL/week06/day4/school_sel/config/boot.rb": [
        1,
        null,
        1
      ],
      "/Users/aegrescovitae/Documents/DPL/week06/day4/school_sel/config/environments/test.rb": [
        1,
        null,
        null,
        null,
        null,
        null,
        null,
        1,
        null,
        null,
        null,
        null,
        1,
        null,
        null,
        1,
        1,
        null,
        null,
        1,
        1,
        null,
        null,
        1,
        null,
        null,
        1,
        null,
        null,
        null,
        null,
        1,
        null,
        null,
        1,
        null,
        null,
        1,
        null,
        null,
        null,
        null
      ],
      "/Users/aegrescovitae/Documents/DPL/week06/day4/school_sel/config/initializers/assets.rb": [
        null,
        null,
        null,
        1,
        null,
        null,
        null,
        null,
        null,
        null,
        null
      ],
      "/Users/aegrescovitae/Documents/DPL/week06/day4/school_sel/config/initializers/backtrace_silencers.rb": [
        null,
        null,
        null,
        null,
        null,
        null,
        null
      ],
      "/Users/aegrescovitae/Documents/DPL/week06/day4/school_sel/config/initializers/cookies_serializer.rb": [
        null,
        null,
        1
      ],
      "/Users/aegrescovitae/Documents/DPL/week06/day4/school_sel/config/initializers/filter_parameter_logging.rb": [
        null,
        null,
        null,
        1
      ],
      "/Users/aegrescovitae/Documents/DPL/week06/day4/school_sel/config/initializers/inflections.rb": [
        null,
        null,
        null,
        null,
        null,
        null,
        null,
        null,
        null,
        null,
        null,
        null,
        null,
        null,
        null,
        null
      ],
      "/Users/aegrescovitae/Documents/DPL/week06/day4/school_sel/config/initializers/mime_types.rb": [
        null,
        null,
        null,
        null
      ],
      "/Users/aegrescovitae/Documents/DPL/week06/day4/school_sel/config/initializers/session_store.rb": [
        null,
        null,
        1
      ],
      "/Users/aegrescovitae/Documents/DPL/week06/day4/school_sel/config/initializers/wrap_parameters.rb": [
        null,
        null,
        null,
        null,
        null,
        null,
        1,
        1,
        null,
        null,
        null,
        null,
        null,
        null
      ],
      "/Users/aegrescovitae/Documents/DPL/week06/day4/school_sel/config/routes.rb": [
        1,
        1,
        null,
        1,
        null,
        null,
        null,
        null,
        null,
        null,
        null,
        null,
        null,
        null,
        null,
        null,
        null,
        null,
        null,
        null,
        null,
        null,
        null,
        null,
        null,
        null,
        null,
        null,
        null,
        null,
        null,
        null,
        null,
        null,
        null,
        null,
        null,
        null,
        null,
        null,
        null,
        null,
        null,
        null,
        null,
        null,
        null,
        null,
        null,
        null,
        null,
        null,
        null,
        null,
        null,
        null,
        null,
        null,
        null,
        null
      ],
      "/Users/aegrescovitae/Documents/DPL/week06/day4/school_sel/app/helpers/application_helper.rb": [
        1,
        null
      ],
      "/Users/aegrescovitae/Documents/DPL/week06/day4/school_sel/app/helpers/schools_helper.rb": [
        1,
        null
      ],
      "/Users/aegrescovitae/Documents/DPL/week06/day4/school_sel/app/controllers/schools_controller.rb": [
        1,
        1,
        1,
        14,
        null,
        null,
        1,
        null,
        null,
        1,
        null,
        null,
        1,
        2,
        2,
        null,
        0,
        null,
        null,
        null,
        1,
        8,
        null,
        null,
        1,
        8,
        8,
        8,
        null,
        0,
        null,
        null,
        null,
        1,
        0,
        0,
        null,
        null,
        1,
        1,
        10,
        null,
        null,
        1,
        15,
        null,
        null
      ],
      "/Users/aegrescovitae/Documents/DPL/week06/day4/school_sel/app/controllers/application_controller.rb": [
        1,
        null,
        null,
        1,
        null
      ],
      "/Users/aegrescovitae/Documents/DPL/week06/day4/school_sel/app/models/school.rb": [
        1,
        1,
        null
      ]
    },
    "timestamp": 1459132471
  }
}
