{
  "RSpec": {
    "coverage": {
      "/Users/aegrescovitae/Documents/DPL/week06/day3/school_rspec/app/helpers/application_helper.rb": [
        1,
        null
      ],
      "/Users/aegrescovitae/Documents/DPL/week06/day3/school_rspec/app/helpers/schools_helper.rb": [
        1,
        null
      ],
      "/Users/aegrescovitae/Documents/DPL/week06/day3/school_rspec/app/controllers/schools_controller.rb": [
        1,
        1,
        1,
        3,
        null,
        null,
        1,
        null,
        null,
        1,
        null,
        null,
        1,
        4,
        2,
        null,
        2,
        null,
        null,
        null,
        1,
        3,
        null,
        null,
        1,
        4,
        4,
        2,
        null,
        2,
        null,
        null,
        null,
        1,
        2,
        2,
        null,
        null,
        1,
        1,
        8,
        null,
        null,
        1,
        12,
        null,
        null
      ],
      "/Users/aegrescovitae/Documents/DPL/week06/day3/school_rspec/app/controllers/application_controller.rb": [
        1,
        null,
        null,
        1,
        null
      ],
      "/Users/aegrescovitae/Documents/DPL/week06/day3/school_rspec/spec/helpers/schools_helper_spec.rb": [
        1,
        null,
        null,
        null,
        null,
        null,
        null,
        null,
        null,
        null,
        null,
        null,
        null,
        null,
        null
      ],
      "/Users/aegrescovitae/Documents/DPL/week06/day3/school_rspec/spec/models/school_spec.rb": [
        1,
        null,
        1,
        1,
        2,
        null,
        null
      ],
      "/Users/aegrescovitae/Documents/DPL/week06/day3/school_rspec/app/models/school.rb": [
        1,
        1,
        null
      ]
    },
    "timestamp": 1458773912
  }
}
